<?xml version="1.0" encoding="UTF-8"?>
<!-- Generated by org.testng.reporters.JUnitReportReporter -->
<testsuite hostname="AnushaBuddy" name="BuddyTool.POCBuddy.AppTest" tests="2" failures="0" timestamp="19 May 2020 11:40:44 GMT" time="1.246" errors="0">
  <testcase name="verifyGooglePageTittle" time="1.240" classname="BuddyTool.POCBuddy.AppTest"/>
  <testcase name="testApp" time="0.006" classname="BuddyTool.POCBuddy.AppTest"/>
</testsuite> <!-- BuddyTool.POCBuddy.AppTest -->
