<?xml version="1.0" encoding="UTF-8"?>
<!-- Generated by org.testng.reporters.JUnitReportReporter -->
<testsuite hostname="AnushaBuddy" name="BuddyTool.POCBuddy.AppTest" tests="2" failures="0" timestamp="19 May 2020 13:27:19 GMT" time="2.746" errors="0">
  <testcase name="verifyGooglePageTittle" time="2.739" classname="BuddyTool.POCBuddy.AppTest"/>
  <testcase name="testApp" time="0.007" classname="BuddyTool.POCBuddy.AppTest"/>
</testsuite> <!-- BuddyTool.POCBuddy.AppTest -->
