<?xml version="1.0" encoding="UTF-8"?>
<!-- Generated by org.testng.reporters.JUnitReportReporter -->
<testsuite hostname="AnushaBuddy" name="BuddyTool.POCBuddy.AppTest" tests="2" failures="0" timestamp="21 May 2020 09:17:42 GMT" time="0.018" errors="0">
  <testcase name="verifyGooglePageTittle" time="0.001" classname="BuddyTool.POCBuddy.AppTest"/>
  <testcase name="testApp" time="0.017" classname="BuddyTool.POCBuddy.AppTest"/>
</testsuite> <!-- BuddyTool.POCBuddy.AppTest -->
