<?xml version="1.0" encoding="UTF-8"?>
<!-- Generated by org.testng.reporters.JUnitReportReporter -->
<testsuite hostname="AnushaBuddy" name="BuddyTool.POCBuddy.AppTest" tests="3" failures="0" timestamp="27 May 2020 09:26:45 GMT" time="1.090" errors="0">
  <testcase name="devCode" time="0.006" classname="BuddyTool.POCBuddy.AppTest"/>
  <testcase name="verifyGooglePageTittle" time="1.083" classname="BuddyTool.POCBuddy.AppTest"/>
  <testcase name="testApp" time="0.001" classname="BuddyTool.POCBuddy.AppTest"/>
</testsuite> <!-- BuddyTool.POCBuddy.AppTest -->
