<?xml version="1.0" encoding="UTF-8"?>
<!-- Generated by org.testng.reporters.JUnitReportReporter -->
<testsuite hostname="AnushaBuddy" name="BuddyTool.POCBuddy.AppTest" tests="3" failures="0" timestamp="27 May 2020 06:15:05 GMT" time="1.244" errors="0">
  <testcase name="verifyGooglePageTittle" time="1.231" classname="BuddyTool.POCBuddy.AppTest"/>
  <testcase name="testApp" time="0.002" classname="BuddyTool.POCBuddy.AppTest"/>
  <testcase name="devCode" time="0.011" classname="BuddyTool.POCBuddy.AppTest"/>
</testsuite> <!-- BuddyTool.POCBuddy.AppTest -->
